<?xml version="1.0" encoding="UTF-8"?>
<!-- Generated by org.testng.reporters.JUnitReportReporter -->
<testsuite hostname="DESKTOP-BEPA8F0" failures="0" tests="1" name="Test.New" time="20.675" errors="0" timestamp="2023-03-14T20:21:23 IST" skipped="0">
  <testcase classname="Test.New" name="test" time="20.675"/>
  <system-out/>
</testsuite> <!-- Test.New -->
