<?xml version="1.0" encoding="UTF-8"?>
<!-- Generated by org.testng.reporters.JUnitReportReporter -->
<testsuite hostname="DESKTOP-BEPA8F0" failures="0" tests="1" name="Test.Flipkart" time="89.302" errors="0" timestamp="2023-01-14T22:02:43 IST" skipped="0">
  <testcase classname="Test.Flipkart" name="flipkart" time="89.302"/>
  <system-out/>
</testsuite> <!-- Test.Flipkart -->
